#! /usr/bin/vvp
:ivl_version "0.9.7 " "(v0_9_7)";
:vpi_time_precision + 0;
:vpi_module "system";
:vpi_module "v2005_math";
:vpi_module "va_math";
S_0x1f55730 .scope module, "circuit_test" "circuit_test" 2 1;
 .timescale 0 0;
v0x1fa1e50_0 .var "dummy", 0 0;
v0x1fa1f10_0 .var "in1", 3 0;
v0x1fa1fc0_0 .var "in2", 1 0;
v0x1fa2070_0 .var "in3", 3 0;
v0x1fa2150_0 .net "out1", 1 0, v0x1fa1db0_0; 1 drivers
v0x1fa2200_0 .net "out2", 3 0, v0x1fa1af0_0; 1 drivers
v0x1fa22c0_0 .net "out3", 0 0, v0x1fa1790_0; 1 drivers
v0x1fa2370_0 .var "select_lines", 1 0;
S_0x1fa1b90 .scope module, "dut_module1" "encoder" 2 13, 3 1, S_0x1f55730;
 .timescale 0 0;
v0x1fa1cf0_0 .net "in", 3 0, v0x1fa1f10_0; 1 drivers
v0x1fa1db0_0 .var "out", 1 0;
E_0x1fa1c80 .event edge, v0x1fa1cf0_0;
S_0x1fa18d0 .scope module, "dut_module2" "decoder" 2 14, 3 22, S_0x1f55730;
 .timescale 0 0;
v0x1fa1a30_0 .net "in", 1 0, v0x1fa1fc0_0; 1 drivers
v0x1fa1af0_0 .var "out", 3 0;
E_0x1fa19c0 .event edge, v0x1fa1a30_0;
S_0x1f55820 .scope module, "dut_module3" "mux" 2 15, 3 43, S_0x1f55730;
 .timescale 0 0;
v0x1f8dca0_0 .net "in", 3 0, v0x1fa2070_0; 1 drivers
v0x1fa1790_0 .var "out", 0 0;
v0x1fa1830_0 .net "select_lines", 1 0, v0x1fa2370_0; 1 drivers
E_0x1f6a0a0 .event edge, v0x1f8dca0_0;
    .scope S_0x1fa1b90;
T_0 ;
    %wait E_0x1fa1c80;
    %load/v 8, v0x1fa1cf0_0, 4;
    %mov 12, 0, 1;
    %cmpi/u 8, 8, 5;
    %jmp/0xz  T_0.0, 4;
    %set/v v0x1fa1db0_0, 0, 2;
    %jmp T_0.1;
T_0.0 ;
    %load/v 8, v0x1fa1cf0_0, 4;
    %mov 12, 0, 1;
    %cmpi/u 8, 4, 5;
    %jmp/0xz  T_0.2, 4;
    %movi 8, 1, 2;
    %set/v v0x1fa1db0_0, 8, 2;
    %jmp T_0.3;
T_0.2 ;
    %load/v 8, v0x1fa1cf0_0, 4;
    %mov 12, 0, 1;
    %cmpi/u 8, 2, 5;
    %jmp/0xz  T_0.4, 4;
    %movi 8, 2, 2;
    %set/v v0x1fa1db0_0, 8, 2;
    %jmp T_0.5;
T_0.4 ;
    %load/v 8, v0x1fa1cf0_0, 4;
    %mov 12, 0, 1;
    %cmpi/u 8, 1, 5;
    %jmp/0xz  T_0.6, 4;
    %set/v v0x1fa1db0_0, 1, 2;
T_0.6 ;
T_0.5 ;
T_0.3 ;
T_0.1 ;
    %jmp T_0;
    .thread T_0, $push;
    .scope S_0x1fa18d0;
T_1 ;
    %wait E_0x1fa19c0;
    %load/v 8, v0x1fa1a30_0, 2;
    %mov 10, 0, 1;
    %cmpi/u 8, 0, 3;
    %jmp/0xz  T_1.0, 4;
    %movi 8, 8, 4;
    %set/v v0x1fa1af0_0, 8, 4;
    %jmp T_1.1;
T_1.0 ;
    %load/v 8, v0x1fa1a30_0, 2;
    %mov 10, 0, 1;
    %cmpi/u 8, 1, 3;
    %jmp/0xz  T_1.2, 4;
    %movi 8, 4, 4;
    %set/v v0x1fa1af0_0, 8, 4;
    %jmp T_1.3;
T_1.2 ;
    %load/v 8, v0x1fa1a30_0, 2;
    %mov 10, 0, 1;
    %cmpi/u 8, 2, 3;
    %jmp/0xz  T_1.4, 4;
    %movi 8, 2, 4;
    %set/v v0x1fa1af0_0, 8, 4;
    %jmp T_1.5;
T_1.4 ;
    %load/v 8, v0x1fa1a30_0, 2;
    %mov 10, 0, 1;
    %cmpi/u 8, 3, 3;
    %jmp/0xz  T_1.6, 4;
    %movi 8, 1, 4;
    %set/v v0x1fa1af0_0, 8, 4;
T_1.6 ;
T_1.5 ;
T_1.3 ;
T_1.1 ;
    %jmp T_1;
    .thread T_1, $push;
    .scope S_0x1f55820;
T_2 ;
    %wait E_0x1f6a0a0;
    %load/v 8, v0x1fa1830_0, 2;
    %mov 10, 0, 1;
    %cmpi/u 8, 0, 3;
    %jmp/0xz  T_2.0, 4;
    %ix/load 1, 3, 0;
    %mov 4, 0, 1;
    %jmp/1 T_2.2, 4;
    %load/x1p 8, v0x1f8dca0_0, 1;
    %jmp T_2.3;
T_2.2 ;
    %mov 8, 2, 1;
T_2.3 ;
; Save base=8 wid=1 in lookaside.
    %set/v v0x1fa1790_0, 8, 1;
    %jmp T_2.1;
T_2.0 ;
    %load/v 8, v0x1fa1830_0, 2;
    %mov 10, 0, 1;
    %cmpi/u 8, 1, 3;
    %jmp/0xz  T_2.4, 4;
    %ix/load 1, 2, 0;
    %mov 4, 0, 1;
    %jmp/1 T_2.6, 4;
    %load/x1p 8, v0x1f8dca0_0, 1;
    %jmp T_2.7;
T_2.6 ;
    %mov 8, 2, 1;
T_2.7 ;
; Save base=8 wid=1 in lookaside.
    %set/v v0x1fa1790_0, 8, 1;
    %jmp T_2.5;
T_2.4 ;
    %load/v 8, v0x1fa1830_0, 2;
    %mov 10, 0, 1;
    %cmpi/u 8, 2, 3;
    %jmp/0xz  T_2.8, 4;
    %ix/load 1, 1, 0;
    %mov 4, 0, 1;
    %jmp/1 T_2.10, 4;
    %load/x1p 8, v0x1f8dca0_0, 1;
    %jmp T_2.11;
T_2.10 ;
    %mov 8, 2, 1;
T_2.11 ;
; Save base=8 wid=1 in lookaside.
    %set/v v0x1fa1790_0, 8, 1;
    %jmp T_2.9;
T_2.8 ;
    %load/v 8, v0x1fa1830_0, 2;
    %mov 10, 0, 1;
    %cmpi/u 8, 3, 3;
    %jmp/0xz  T_2.12, 4;
    %load/v 8, v0x1f8dca0_0, 1; Only need 1 of 4 bits
; Save base=8 wid=1 in lookaside.
    %set/v v0x1fa1790_0, 8, 1;
T_2.12 ;
T_2.9 ;
T_2.5 ;
T_2.1 ;
    %jmp T_2;
    .thread T_2, $push;
    .scope S_0x1f55730;
T_3 ;
    %vpi_func 2 18 "$value$plusargs", 8, 32, "in1=%b", v0x1fa1f10_0;
    %set/v v0x1fa1e50_0, 8, 1;
    %vpi_func 2 19 "$value$plusargs", 8, 32, "in2=%b", v0x1fa1fc0_0;
    %set/v v0x1fa1e50_0, 8, 1;
    %vpi_func 2 20 "$value$plusargs", 8, 32, "in3=%b", v0x1fa2070_0;
    %set/v v0x1fa1e50_0, 8, 1;
    %vpi_func 2 21 "$value$plusargs", 8, 32, "select_lines=%b", v0x1fa2370_0;
    %set/v v0x1fa1e50_0, 8, 1;
    %vpi_call 2 23 "$display", "input values are: %b %b %b %b", v0x1fa1f10_0, v0x1fa1fc0_0, v0x1fa2070_0, v0x1fa2370_0;
    %delay 1, 0;
    %vpi_call 2 25 "$display", "output values are: %b %b %b", v0x1fa2150_0, v0x1fa2200_0, v0x1fa22c0_0;
    %vpi_call 2 26 "$finish";
    %end;
    .thread T_3;
# The file index is used to find the file name in the following table.
:file_names 4;
    "N/A";
    "<interactive>";
    "main.v";
    "application_circuit.v";
