#! /usr/bin/vvp
:ivl_version "0.9.7 " "(v0_9_7)";
:vpi_time_precision + 0;
:vpi_module "system";
:vpi_module "v2005_math";
:vpi_module "va_math";
S_0x14d2880 .scope module, "circuit_test" "circuit_test" 2 1;
 .timescale 0 0;
v0x1506400_0 .var "dummy", 0 0;
v0x15064c0_0 .var "in1", 0 0;
v0x1506540_0 .var "in2", 0 0;
v0x15065f0_0 .var "in3", 0 0;
v0x15066d0_0 .var "in4", 0 0;
v0x1506780_0 .net "out1", 0 0, v0x1506280_0; 1 drivers
v0x1506840_0 .net "out2", 0 0, v0x1506320_0; 1 drivers
S_0x14be690 .scope module, "dut_module1" "encoder" 2 6, 3 1, S_0x14d2880;
 .timescale 0 0;
v0x14d2970_0 .net "in1", 0 0, v0x15064c0_0; 1 drivers
v0x1506090_0 .net "in2", 0 0, v0x1506540_0; 1 drivers
v0x1506130_0 .net "in3", 0 0, v0x15065f0_0; 1 drivers
v0x15061d0_0 .net "in4", 0 0, v0x15066d0_0; 1 drivers
v0x1506280_0 .var "out1", 0 0;
v0x1506320_0 .var "out2", 0 0;
E_0x14d1570 .event edge, v0x15061d0_0, v0x1506130_0, v0x1506090_0, v0x14d2970_0;
    .scope S_0x14be690;
T_0 ;
    %set/v v0x1506280_0, 0, 1;
    %end;
    .thread T_0;
    .scope S_0x14be690;
T_1 ;
    %set/v v0x1506320_0, 0, 1;
    %end;
    .thread T_1;
    .scope S_0x14be690;
T_2 ;
    %wait E_0x14d1570;
    %load/v 8, v0x14d2970_0, 1;
    %mov 9, 0, 2;
    %cmpi/u 8, 1, 3;
    %jmp/0xz  T_2.0, 4;
    %set/v v0x1506280_0, 1, 1;
    %jmp T_2.1;
T_2.0 ;
    %load/v 8, v0x1506090_0, 1;
    %mov 9, 0, 2;
    %cmpi/u 8, 1, 3;
    %jmp/0xz  T_2.2, 4;
    %set/v v0x1506320_0, 1, 1;
    %jmp T_2.3;
T_2.2 ;
    %load/v 8, v0x1506130_0, 1;
    %mov 9, 0, 2;
    %cmpi/u 8, 1, 3;
    %jmp/0xz  T_2.4, 4;
    %set/v v0x1506280_0, 1, 1;
    %jmp T_2.5;
T_2.4 ;
    %load/v 8, v0x15061d0_0, 1;
    %mov 9, 0, 2;
    %cmpi/u 8, 1, 3;
    %jmp/0xz  T_2.6, 4;
    %set/v v0x1506280_0, 1, 1;
T_2.6 ;
    %set/v v0x1506320_0, 1, 1;
T_2.5 ;
T_2.3 ;
T_2.1 ;
    %jmp T_2;
    .thread T_2, $push;
    .scope S_0x14d2880;
T_3 ;
    %vpi_func 2 9 "$value$plusargs", 8, 32, "in1=%b", v0x15064c0_0;
    %set/v v0x1506400_0, 8, 1;
    %vpi_func 2 10 "$value$plusargs", 8, 32, "in2=%b", v0x1506540_0;
    %set/v v0x1506400_0, 8, 1;
    %vpi_func 2 11 "$value$plusargs", 8, 32, "in3=%b", v0x15065f0_0;
    %set/v v0x1506400_0, 8, 1;
    %vpi_func 2 12 "$value$plusargs", 8, 32, "in4=%b", v0x15066d0_0;
    %set/v v0x1506400_0, 8, 1;
    %vpi_call 2 14 "$display", "input values are: %b %b %b %b", v0x15064c0_0, v0x1506540_0, v0x15065f0_0, v0x15066d0_0;
    %delay 1, 0;
    %vpi_call 2 16 "$display", "output values are: %b %b", v0x1506780_0, v0x1506840_0;
    %vpi_call 2 17 "$finish";
    %end;
    .thread T_3;
# The file index is used to find the file name in the following table.
:file_names 4;
    "N/A";
    "<interactive>";
    "main.v";
    "application_circuit.v";
